[debug] [2023-11-24T09:04:20.334Z] ----------------------------------------------------------------------
[debug] [2023-11-24T09:04:20.335Z] Command:       /Users/Praise/.nvm/versions/node/v17.9.1/bin/node /Users/Praise/.nvm/versions/node/v17.9.1/bin/firebase init
[debug] [2023-11-24T09:04:20.336Z] CLI Version:   12.4.4
[debug] [2023-11-24T09:04:20.336Z] Platform:      darwin
[debug] [2023-11-24T09:04:20.336Z] Node Version:  v17.9.1
[debug] [2023-11-24T09:04:20.337Z] Time:          Fri Nov 24 2023 10:04:20 GMT+0100 (West Africa Standard Time)
[debug] [2023-11-24T09:04:20.337Z] ----------------------------------------------------------------------
[debug] 
[debug] [2023-11-24T09:04:20.343Z] > command requires scopes: ["email","openid","https://www.googleapis.com/auth/cloudplatformprojects.readonly","https://www.googleapis.com/auth/firebase","https://www.googleapis.com/auth/cloud-platform"]
[debug] [2023-11-24T09:04:20.344Z] > authorizing via signed-in user (p.o.adebayo218@gmail.com)
[info] 
     ######## #### ########  ######## ########     ###     ######  ########
     ##        ##  ##     ## ##       ##     ##  ##   ##  ##       ##
     ######    ##  ########  ######   ########  #########  ######  ######
     ##        ##  ##    ##  ##       ##     ## ##     ##       ## ##
     ##       #### ##     ## ######## ########  ##     ##  ######  ########

You're about to initialize a Firebase project in this directory:

  /Users/Praise/Documents/Dev/Projects/rockshield

[info] 
=== Project Setup
[info] 
[info] First, let's associate this project directory with a Firebase project.
[info] You can create multiple project aliases by running firebase use --add, 
[info] but for now we'll just set up a default project.
[info] 
[debug] [2023-11-24T09:04:33.341Z] >>> [apiv2][query] GET https://firebase.googleapis.com/v1beta1/projects pageSize=100
[debug] [2023-11-24T09:04:35.085Z] <<< [apiv2][status] GET https://firebase.googleapis.com/v1beta1/projects 200
[debug] [2023-11-24T09:04:35.086Z] <<< [apiv2][body] GET https://firebase.googleapis.com/v1beta1/projects [omitted]
[info] i  Using project rockshield-67f0a (Rockshield ) 
[info] 
=== Firestore Setup
[debug] [2023-11-24T09:04:39.794Z] >>> [apiv2][query] GET https://serviceusage.googleapis.com/v1/projects/rockshield-67f0a/services/firestore.googleapis.com [none]
[debug] [2023-11-24T09:04:39.794Z] >>> [apiv2][(partial)header] GET https://serviceusage.googleapis.com/v1/projects/rockshield-67f0a/services/firestore.googleapis.com x-goog-quota-user=projects/rockshield-67f0a
[debug] [2023-11-24T09:04:42.946Z] <<< [apiv2][status] GET https://serviceusage.googleapis.com/v1/projects/rockshield-67f0a/services/firestore.googleapis.com 200
[debug] [2023-11-24T09:04:42.947Z] <<< [apiv2][body] GET https://serviceusage.googleapis.com/v1/projects/rockshield-67f0a/services/firestore.googleapis.com [omitted]
[debug] [2023-11-24T09:04:42.947Z] >>> [apiv2][query] GET https://firestore.googleapis.com/v1/projects/rockshield-67f0a/databases/(default) [none]
[debug] [2023-11-24T09:04:45.954Z] <<< [apiv2][status] GET https://firestore.googleapis.com/v1/projects/rockshield-67f0a/databases/(default) 200
[debug] [2023-11-24T09:04:45.954Z] <<< [apiv2][body] GET https://firestore.googleapis.com/v1/projects/rockshield-67f0a/databases/(default) {"name":"projects/rockshield-67f0a/databases/(default)","uid":"48a60932-d201-46b6-a9af-d3a5ce766a9b","createTime":"2023-11-24T09:03:48.058601Z","updateTime":"2023-11-24T09:03:48.058601Z","locationId":"nam5","type":"FIRESTORE_NATIVE","concurrencyMode":"PESSIMISTIC","versionRetentionPeriod":"3600s","earliestVersionTime":"2023-11-24T09:03:48.058601Z","appEngineIntegrationMode":"DISABLED","keyPrefix":"s","pointInTimeRecoveryEnablement":"POINT_IN_TIME_RECOVERY_DISABLED","deleteProtectionState":"DELETE_PROTECTION_DISABLED","etag":"IPyQ6fKj3IIDMOmTxtej3IID"}
[debug] [2023-11-24T09:04:45.954Z] database_type: FIRESTORE_NATIVE
[debug] [2023-11-24T09:04:45.955Z] > command requires scopes: ["email","openid","https://www.googleapis.com/auth/cloudplatformprojects.readonly","https://www.googleapis.com/auth/firebase","https://www.googleapis.com/auth/cloud-platform"]
[debug] [2023-11-24T09:04:45.955Z] > authorizing via signed-in user (p.o.adebayo218@gmail.com)
[debug] [2023-11-24T09:04:45.955Z] [iam] checking project rockshield-67f0a for permissions ["firebase.projects.get"]
[debug] [2023-11-24T09:04:45.956Z] >>> [apiv2][query] POST https://cloudresourcemanager.googleapis.com/v1/projects/rockshield-67f0a:testIamPermissions [none]
[debug] [2023-11-24T09:04:45.956Z] >>> [apiv2][(partial)header] POST https://cloudresourcemanager.googleapis.com/v1/projects/rockshield-67f0a:testIamPermissions x-goog-quota-user=projects/rockshield-67f0a
[debug] [2023-11-24T09:04:45.956Z] >>> [apiv2][body] POST https://cloudresourcemanager.googleapis.com/v1/projects/rockshield-67f0a:testIamPermissions {"permissions":["firebase.projects.get"]}
[debug] [2023-11-24T09:04:48.323Z] <<< [apiv2][status] POST https://cloudresourcemanager.googleapis.com/v1/projects/rockshield-67f0a:testIamPermissions 200
[debug] [2023-11-24T09:04:48.323Z] <<< [apiv2][body] POST https://cloudresourcemanager.googleapis.com/v1/projects/rockshield-67f0a:testIamPermissions {"permissions":["firebase.projects.get"]}
[info] 
[info] Firestore Security Rules allow you to define how and when to allow
[info] requests. You can keep these rules in your project directory
[info] and publish them with firebase deploy.
[info] 
[debug] [2023-11-24T09:07:14.605Z] >>> [apiv2][query] GET https://firebaserules.googleapis.com/v1/projects/rockshield-67f0a/releases pageSize=10&pageToken=
[debug] [2023-11-24T09:07:15.953Z] <<< [apiv2][status] GET https://firebaserules.googleapis.com/v1/projects/rockshield-67f0a/releases 200
[debug] [2023-11-24T09:07:15.954Z] <<< [apiv2][body] GET https://firebaserules.googleapis.com/v1/projects/rockshield-67f0a/releases {"releases":[{"name":"projects/rockshield-67f0a/releases/cloud.firestore","rulesetName":"projects/rockshield-67f0a/rulesets/fe783c91-45b1-4bd9-b489-b2b6a28e1bf2","createTime":"2023-11-24T09:03:57.254349Z","updateTime":"2023-11-24T09:03:57.254349Z"}]}
[debug] [2023-11-24T09:07:15.954Z] Found ruleset: projects/rockshield-67f0a/rulesets/fe783c91-45b1-4bd9-b489-b2b6a28e1bf2
[debug] [2023-11-24T09:07:15.954Z] >>> [apiv2][query] GET https://firebaserules.googleapis.com/v1/projects/rockshield-67f0a/rulesets/fe783c91-45b1-4bd9-b489-b2b6a28e1bf2 [none]
[debug] [2023-11-24T09:07:16.570Z] <<< [apiv2][status] GET https://firebaserules.googleapis.com/v1/projects/rockshield-67f0a/rulesets/fe783c91-45b1-4bd9-b489-b2b6a28e1bf2 200
[debug] [2023-11-24T09:07:16.571Z] <<< [apiv2][body] GET https://firebaserules.googleapis.com/v1/projects/rockshield-67f0a/rulesets/fe783c91-45b1-4bd9-b489-b2b6a28e1bf2 [omitted]
[info] 
[info] Firestore indexes allow you to perform complex queries while
[info] maintaining performance that scales with the size of the result
[info] set. You can keep index definitions in your project directory
[info] and publish them with firebase deploy.
[info] 
[debug] [2023-11-24T09:18:12.024Z] Error: read EIO
    at TTY.onStreamRead (node:internal/stream_base_commons:217:20)
